<?xml version="1.0" encoding="UTF-8"?>
<!-- Generated by org.testng.reporters.JUnitXMLReporter -->
<testsuite hostname="DESKTOP-KQD3CDK" ignored="0" name="Survey" tests="1" failures="0" timestamp="23 Jan 2018 12:23:13 GMT" time="0.059" errors="0">
  <testcase name="@BeforeMethod successfulLogin" time="0.0" classname="tridel.SuccessfulLogin">
    <failure type="org.testng.TestNGException" message="
Can inject only one of &amp;lt;ITestContext, XmlTest, Method, Object[], ITestResult&amp;gt; into a @BeforeMethod annotated successfulLogin.
For more information on native dependency injection please refer to http://testng.org/doc/documentation-main.html#native-dependency-injection">
      <![CDATA[org.testng.TestNGException: Can inject only one of <ITestContext, XmlTest, Method, Object[], ITestResult> into a @BeforeMethod annotated successfulLogin.For more information on native dependency injection please refer to http://testng.org/doc/documentation-main.html#native-dependency-injection... Removed 25 stack frames]]>
    </failure>
  </testcase> <!-- @BeforeMethod successfulLogin -->
  <testcase name="surveyForm" time="0.0" classname="tridel.Survey">
    <skipped/>
  </testcase> <!-- surveyForm -->
</testsuite> <!-- Survey -->
