<?xml version="1.0" encoding="UTF-8"?>
<testng-results skipped="0" failed="0" total="5" passed="5">
  <reporter-output>
  </reporter-output>
  <suite name="Default suite" duration-ms="266314" started-at="2016-10-08T20:30:06Z" finished-at="2016-10-08T20:34:32Z">
    <groups>
    </groups>
    <test name="Default test" duration-ms="266314" started-at="2016-10-08T20:30:06Z" finished-at="2016-10-08T20:34:32Z">
      <class name="evision.TestScenarios">
        <test-method status="PASS" signature="setUp()[pri:0, instance:evision.TestScenarios@59f99ea]" name="setUp" is-config="true" duration-ms="9486" started-at="2016-10-09T02:30:06Z" finished-at="2016-10-09T02:30:15Z">
          <reporter-output>
          </reporter-output>
        </test-method> <!-- setUp -->
        <test-method status="PASS" signature="getBrowser()[pri:0, instance:evision.TestScenarios@59f99ea]" name="getBrowser" duration-ms="5935" started-at="2016-10-09T02:30:15Z" finished-at="2016-10-09T02:30:21Z">
          <reporter-output>
          </reporter-output>
        </test-method> <!-- getBrowser -->
        <test-method status="PASS" signature="beforeLoginVerifyHomePageTitle()[pri:1, instance:evision.TestScenarios@59f99ea]" name="beforeLoginVerifyHomePageTitle" duration-ms="77" started-at="2016-10-09T02:30:21Z" finished-at="2016-10-09T02:30:21Z">
          <reporter-output>
          </reporter-output>
        </test-method> <!-- beforeLoginVerifyHomePageTitle -->
        <test-method status="PASS" signature="logIn()[pri:2, instance:evision.TestScenarios@59f99ea]" name="logIn" duration-ms="2252" started-at="2016-10-09T02:30:21Z" finished-at="2016-10-09T02:30:24Z">
          <reporter-output>
          </reporter-output>
        </test-method> <!-- logIn -->
        <test-method status="PASS" signature="afterLoginVerifyHomePageTitle()[pri:3, instance:evision.TestScenarios@59f99ea]" name="afterLoginVerifyHomePageTitle" duration-ms="27973" started-at="2016-10-09T02:30:24Z" finished-at="2016-10-09T02:30:52Z">
          <reporter-output>
          </reporter-output>
        </test-method> <!-- afterLoginVerifyHomePageTitle -->
        <test-method status="PASS" signature="TestSteps()[pri:4, instance:evision.TestScenarios@59f99ea]" name="TestSteps" duration-ms="220564" started-at="2016-10-09T02:30:52Z" finished-at="2016-10-09T02:34:32Z">
          <reporter-output>
          </reporter-output>
        </test-method> <!-- TestSteps -->
      </class> <!-- evision.TestScenarios -->
    </test> <!-- Default test -->
  </suite> <!-- Default suite -->
</testng-results>
