<?xml version="1.0" encoding="UTF-8"?>
<testng-results ignored="0" total="1" passed="1" failed="0" skipped="0">
  <reporter-output>
  </reporter-output>
  <suite started-at="2018-01-24T10:20:05Z" name="Suite" finished-at="2018-01-24T10:20:14Z" duration-ms="9227">
    <groups>
    </groups>
    <test started-at="2018-01-24T10:20:05Z" name="Test" finished-at="2018-01-24T10:20:14Z" duration-ms="9227">
      <class name="demo.TestBat">
        <test-method signature="CallBrowser()[pri:0, instance:demo.TestBat@2145b572]" started-at="2018-01-24T16:20:05Z" name="CallBrowser" finished-at="2018-01-24T16:20:14Z" duration-ms="9198" status="PASS">
          <reporter-output>
          </reporter-output>
        </test-method> <!-- CallBrowser -->
      </class> <!-- demo.TestBat -->
    </test> <!-- Test -->
  </suite> <!-- Suite -->
</testng-results>
