<?xml version="1.0" encoding="UTF-8"?>
<testng-results skipped="0" failed="0" ignored="0" total="1" passed="1">
  <reporter-output>
  </reporter-output>
  <suite name="Default suite" duration-ms="1057505" started-at="2018-01-15T11:51:36Z" finished-at="2018-01-15T12:09:13Z">
    <groups>
    </groups>
    <test name="Default test" duration-ms="1057505" started-at="2018-01-15T11:51:36Z" finished-at="2018-01-15T12:09:13Z">
      <class name="testpackage.BaseClass2">
        <test-method status="PASS" signature="loading_test()[pri:0, instance:testpackage.BaseClass2@3d921e20]" name="loading_test" duration-ms="1057465" started-at="2018-01-15T17:51:36Z" finished-at="2018-01-15T18:09:13Z">
          <reporter-output>
          </reporter-output>
        </test-method> <!-- loading_test -->
      </class> <!-- testpackage.BaseClass2 -->
    </test> <!-- Default test -->
  </suite> <!-- Default suite -->
</testng-results>
