<?xml version="1.0" encoding="UTF-8"?>
<testng-results skipped="0" failed="0" ignored="0" total="1" passed="1">
  <reporter-output>
  </reporter-output>
  <suite name="Default suite" duration-ms="135369" started-at="2018-01-04T11:05:26Z" finished-at="2018-01-04T11:07:42Z">
    <groups>
    </groups>
    <test name="Default test" duration-ms="135369" started-at="2018-01-04T11:05:26Z" finished-at="2018-01-04T11:07:42Z">
      <class name="appium.BaseClass">
        <test-method status="PASS" signature="config()[pri:0, instance:appium.BaseClass@3d921e20]" name="config" duration-ms="135345" started-at="2018-01-04T17:05:26Z" finished-at="2018-01-04T17:07:42Z">
          <reporter-output>
          </reporter-output>
        </test-method> <!-- config -->
      </class> <!-- appium.BaseClass -->
    </test> <!-- Default test -->
  </suite> <!-- Default suite -->
</testng-results>
